2012-03-09 11:23:43 =ERROR REPORT====
Error in process <0.1581.0> on node 'riak@127.0.0.1' with exit value: {{case_clause,{more,"Pages free:~d.",0,[]}},[{memsup,fread_value,2},{memsup,get_memory_usage,1},{memsup,'-handle_info/2-fun-0-',2}]}

2012-03-09 11:23:43 =ERROR REPORT====
** Generic server memsup terminating 
** Last message in was {'EXIT',<0.1581.0>,{{case_clause,{more,"Pages free:~d.",0,[]}},[{memsup,fread_value,2},{memsup,get_memory_usage,1},{memsup,'-handle_info/2-fun-0-',2}]}}
** When Server state == [{data,[{"Timeout",60000}]},{items,{"Memory Usage",[{"Allocated",8097372000},{"Total",8206116000}]}},{items,{"Worst Memory User",[{"Pid",<0.64.0>},{"Memory",601072}]}}]
** Reason for termination == 
** {{case_clause,{more,"Pages free:~d.",0,[]}},[{memsup,fread_value,2},{memsup,get_memory_usage,1},{memsup,'-handle_info/2-fun-0-',2}]}
2012-03-09 11:23:43 =CRASH REPORT====
  crasher:
    initial call: memsup:init/1
    pid: <0.50.0>
    registered_name: memsup
    exception exit: {{case_clause,{more,"Pages free:~d.",0,[]}},[{memsup,fread_value,2},{memsup,get_memory_usage,1},{memsup,'-handle_info/2-fun-0-',2}]}
      in function  gen_server:terminate/6
      in call from proc_lib:init_p_do_apply/3
    ancestors: [os_mon_sup,<0.47.0>]
    messages: []
    links: [<0.48.0>]
    dictionary: [{system_memory_high_watermark,set}]
    trap_exit: true
    status: running
    heap_size: 6765
    stack_size: 24
    reductions: 65974
  neighbours:
2012-03-09 11:23:43 =SUPERVISOR REPORT====
     Supervisor: {local,os_mon_sup}
     Context:    child_terminated
     Reason:     {{case_clause,{more,"Pages free:~d.",0,[]}},[{memsup,fread_value,2},{memsup,get_memory_usage,1},{memsup,'-handle_info/2-fun-0-',2}]}
     Offender:   [{pid,<0.50.0>},{name,memsup},{mfargs,{memsup,start_link,[]}},{restart_type,permanent},{shutdown,2000},{child_type,worker}]

2012-03-09 11:23:43 =ERROR REPORT====
Error in process <0.1584.0> on node 'riak@127.0.0.1' with exit value: {{case_clause,{more,"Pages free:~d.",0,[]}},[{memsup,fread_value,2},{memsup,get_memory_usage,1},{memsup,'-handle_info/2-fun-0-',2}]}

2012-03-09 11:23:43 =ERROR REPORT====
** Generic server memsup terminating 
** Last message in was {'EXIT',<0.1584.0>,{{case_clause,{more,"Pages free:~d.",0,[]}},[{memsup,fread_value,2},{memsup,get_memory_usage,1},{memsup,'-handle_info/2-fun-0-',2}]}}
** When Server state == {state,{unix,darwin},false,undefined,undefined,false,60000,30000,0.8,0.05,<0.1584.0>,#Ref<0.0.0.8244>,undefined,[reg],[]}
** Reason for termination == 
** {{case_clause,{more,"Pages free:~d.",0,[]}},[{memsup,fread_value,2},{memsup,get_memory_usage,1},{memsup,'-handle_info/2-fun-0-',2}]}
2012-03-09 11:23:43 =CRASH REPORT====
  crasher:
    initial call: memsup:init/1
    pid: <0.1583.0>
    registered_name: memsup
    exception exit: {{case_clause,{more,"Pages free:~d.",0,[]}},[{memsup,fread_value,2},{memsup,get_memory_usage,1},{memsup,'-handle_info/2-fun-0-',2}]}
      in function  gen_server:terminate/6
      in call from proc_lib:init_p_do_apply/3
    ancestors: [os_mon_sup,<0.47.0>]
    messages: []
    links: [<0.48.0>]
    dictionary: []
    trap_exit: true
    status: running
    heap_size: 377
    stack_size: 24
    reductions: 169
  neighbours:
2012-03-09 11:23:43 =SUPERVISOR REPORT====
     Supervisor: {local,os_mon_sup}
     Context:    child_terminated
     Reason:     {{case_clause,{more,"Pages free:~d.",0,[]}},[{memsup,fread_value,2},{memsup,get_memory_usage,1},{memsup,'-handle_info/2-fun-0-',2}]}
     Offender:   [{pid,<0.1583.0>},{name,memsup},{mfargs,{memsup,start_link,[]}},{restart_type,permanent},{shutdown,2000},{child_type,worker}]

2012-03-09 11:23:43 =ERROR REPORT====
Error in process <0.1588.0> on node 'riak@127.0.0.1' with exit value: {badarg,[{erlang,port_command,[#Port<0.5738>,[40,"/usr/bin/vm_stat",10,41,32,60,47,100,101,118,47,110,117,108,108,59,32,101,99,104,111,32,32,34,4,34,10]]},{os,'-unix_cmd/1-fun-0-',2}]}

2012-03-09 11:23:43 =ERROR REPORT====
** Generic server memsup terminating 
** Last message in was {'EXIT',<0.1587.0>,{badarg,[{erlang,port_command,[#Port<0.5738>,[40,"/usr/bin/vm_stat",10,41,32,60,47,100,101,118,47,110,117,108,108,59,32,101,99,104,111,32,32,34,4,34,10]]},{os,'-unix_cmd/1-fun-0-',2}]}}
** When Server state == {state,{unix,darwin},false,undefined,undefined,false,60000,30000,0.8,0.05,<0.1587.0>,#Ref<0.0.0.8252>,undefined,[reg],[]}
** Reason for termination == 
** {badarg,[{erlang,port_command,[#Port<0.5738>,[40,"/usr/bin/vm_stat",10,41,32,60,47,100,101,118,47,110,117,108,108,59,32,101,99,104,111,32,32,34,4,34,10]]},{os,'-unix_cmd/1-fun-0-',2}]}
2012-03-09 11:23:43 =CRASH REPORT====
  crasher:
    initial call: memsup:init/1
    pid: <0.1586.0>
    registered_name: memsup
    exception exit: {badarg,[{erlang,port_command,[#Port<0.5738>,[40,"/usr/bin/vm_stat",10,41,32,60,47,100,101,118,47,110,117,108,108,59,32,101,99,104,111,32,32,34,4,34,10]]},{os,'-unix_cmd/1-fun-0-',2}]}
      in function  gen_server:terminate/6
      in call from proc_lib:init_p_do_apply/3
    ancestors: [os_mon_sup,<0.47.0>]
    messages: []
    links: [<0.48.0>]
    dictionary: []
    trap_exit: true
    status: running
    heap_size: 610
    stack_size: 24
    reductions: 200
  neighbours:
2012-03-09 11:23:43 =SUPERVISOR REPORT====
     Supervisor: {local,os_mon_sup}
     Context:    child_terminated
     Reason:     {badarg,[{erlang,port_command,[#Port<0.5738>,[40,"/usr/bin/vm_stat",10,41,32,60,47,100,101,118,47,110,117,108,108,59,32,101,99,104,111,32,32,34,4,34,10]]},{os,'-unix_cmd/1-fun-0-',2}]}
     Offender:   [{pid,<0.1586.0>},{name,memsup},{mfargs,{memsup,start_link,[]}},{restart_type,permanent},{shutdown,2000},{child_type,worker}]

2012-03-09 11:23:43 =ERROR REPORT====
Error in process <0.1590.0> on node 'riak@127.0.0.1' with exit value: {{case_clause,{more,"Pages free:~d.",0,[]}},[{memsup,fread_value,2},{memsup,get_memory_usage,1},{memsup,'-handle_info/2-fun-0-',2}]}

2012-03-09 11:23:43 =ERROR REPORT====
** Generic server memsup terminating 
** Last message in was {'EXIT',<0.1590.0>,{{case_clause,{more,"Pages free:~d.",0,[]}},[{memsup,fread_value,2},{memsup,get_memory_usage,1},{memsup,'-handle_info/2-fun-0-',2}]}}
** When Server state == {state,{unix,darwin},false,undefined,undefined,false,60000,30000,0.8,0.05,<0.1590.0>,#Ref<0.0.0.8257>,undefined,[reg],[]}
** Reason for termination == 
** {{case_clause,{more,"Pages free:~d.",0,[]}},[{memsup,fread_value,2},{memsup,get_memory_usage,1},{memsup,'-handle_info/2-fun-0-',2}]}
2012-03-09 11:23:43 =CRASH REPORT====
  crasher:
    initial call: memsup:init/1
    pid: <0.1589.0>
    registered_name: memsup
    exception exit: {{case_clause,{more,"Pages free:~d.",0,[]}},[{memsup,fread_value,2},{memsup,get_memory_usage,1},{memsup,'-handle_info/2-fun-0-',2}]}
      in function  gen_server:terminate/6
      in call from proc_lib:init_p_do_apply/3
    ancestors: [os_mon_sup,<0.47.0>]
    messages: []
    links: [<0.48.0>]
    dictionary: []
    trap_exit: true
    status: running
    heap_size: 377
    stack_size: 24
    reductions: 233
  neighbours:
2012-03-09 11:23:43 =SUPERVISOR REPORT====
     Supervisor: {local,os_mon_sup}
     Context:    child_terminated
     Reason:     {{case_clause,{more,"Pages free:~d.",0,[]}},[{memsup,fread_value,2},{memsup,get_memory_usage,1},{memsup,'-handle_info/2-fun-0-',2}]}
     Offender:   [{pid,<0.1589.0>},{name,memsup},{mfargs,{memsup,start_link,[]}},{restart_type,permanent},{shutdown,2000},{child_type,worker}]

2012-03-09 11:23:43 =ERROR REPORT====
Error in process <0.1593.0> on node 'riak@127.0.0.1' with exit value: {{case_clause,{more,"Pages free:~d.",0,[]}},[{memsup,fread_value,2},{memsup,get_memory_usage,1},{memsup,'-handle_info/2-fun-0-',2}]}

2012-03-09 11:23:43 =ERROR REPORT====
** Generic server memsup terminating 
** Last message in was {'EXIT',<0.1593.0>,{{case_clause,{more,"Pages free:~d.",0,[]}},[{memsup,fread_value,2},{memsup,get_memory_usage,1},{memsup,'-handle_info/2-fun-0-',2}]}}
** When Server state == {state,{unix,darwin},false,undefined,undefined,false,60000,30000,0.8,0.05,<0.1593.0>,#Ref<0.0.0.8262>,undefined,[reg],[]}
** Reason for termination == 
** {{case_clause,{more,"Pages free:~d.",0,[]}},[{memsup,fread_value,2},{memsup,get_memory_usage,1},{memsup,'-handle_info/2-fun-0-',2}]}
2012-03-09 11:23:43 =CRASH REPORT====
  crasher:
    initial call: memsup:init/1
    pid: <0.1592.0>
    registered_name: memsup
    exception exit: {{case_clause,{more,"Pages free:~d.",0,[]}},[{memsup,fread_value,2},{memsup,get_memory_usage,1},{memsup,'-handle_info/2-fun-0-',2}]}
      in function  gen_server:terminate/6
      in call from proc_lib:init_p_do_apply/3
    ancestors: [os_mon_sup,<0.47.0>]
    messages: []
    links: [<0.48.0>]
    dictionary: []
    trap_exit: true
    status: running
    heap_size: 377
    stack_size: 24
    reductions: 253
  neighbours:
2012-03-09 11:23:43 =SUPERVISOR REPORT====
     Supervisor: {local,os_mon_sup}
     Context:    child_terminated
     Reason:     {{case_clause,{more,"Pages free:~d.",0,[]}},[{memsup,fread_value,2},{memsup,get_memory_usage,1},{memsup,'-handle_info/2-fun-0-',2}]}
     Offender:   [{pid,<0.1592.0>},{name,memsup},{mfargs,{memsup,start_link,[]}},{restart_type,permanent},{shutdown,2000},{child_type,worker}]

2012-03-09 11:23:43 =SUPERVISOR REPORT====
     Supervisor: {local,os_mon_sup}
     Context:    shutdown
     Reason:     reached_max_restart_intensity
     Offender:   [{pid,<0.1592.0>},{name,memsup},{mfargs,{memsup,start_link,[]}},{restart_type,permanent},{shutdown,2000},{child_type,worker}]

2012-03-09 11:23:43 =ERROR REPORT====
Error in process <0.1595.0> on node 'riak@127.0.0.1' with exit value: {badarg,[{erlang,port_command,[#Port<0.5741>,[40,"rm -rf ./data/slide-data/14890",10,41,32,60,47,100,101,118,47,110,117,108,108,59,32,101,99,104,111,32,32,34,4,34,10]]},{os,'-unix_cmd/1-fun-0-',2}]}

2012-03-09 11:23:43 =ERROR REPORT====
** Generic server riak_kv_stat terminating 
** Last message in was {'EXIT',<0.252.0>,shutdown}
** When Server state == {state,{spiral,63498511224,[3,0,0,0,0,0,0,0,0,0,0,0,0,0,0,0,0,0,0,0,0,0,0,0,0,0,0,0,0,0,0,0,0,0,0,0,0,0,0,0,0,0,0,0,0,0,0,0,0,0,0,0,0,0,0,0,0,0,0,0,0,0,0,0,0,0,0,0,0,0,0,0,0,0,0,0,0,0,0,0,0,0,0,0,0,0,0,0,0,0,0,0,0,0,0,0,0,0,0,0]},{spiral,63498510824,[0,0,0,0,0,0,0,0,0,0,0,0,0,0,0,0,0,0,0,0,0,0,0,0,0,0,0,0,0,0,0,0,0,0,0,0,0,0,0,0,0,0,0,0,0,0,0,0,0,0,0,0,0,0,0,0,0,0,0,0]},3,0,{spiral,63498510824,[0,0,0,0,0,0,0,0,0,0,0,0,0,0,0,0,0,0,0,0,0,0,0,0,0,0,0,0,0,0,0,0,0,0,0,0,0,0,0,0,0,0,0,0,0,0,0,0,0,0,0,0,0,0,0,0,0,0,0,0]},0,{spiral,63498510824,[0,0,0,0,0,0,0,0,0,0,0,0,0,0,0,0,0,0,0,0,0,0,0,0,0,0,0,0,0,0,0,0,0,0,0,0,0,0,0,0,0,0,0,0,0,0,0,0,0,0,0,0,0,0,0,0,0,0,0,0]},0,{spiral,63498510824,[0,0,0,0,0,0,0,0,0,0,0,0,0,0,0,0,0,0,0,0,0,0,0,0,0,0,0,0,0,0,0,0,0,0,0,0,0,0,0,0,0,0,0,0,0,0,0,0,0,0,0,0,0,0,0,0,0,0,0,0]},0,{spiral,63498510824,[0,0,0,0,0,0,0,0,0,0,0,0,0,0,0,0,0,0,0,0,0,0,0,0,0,0,0,0,0,0,0,0,0,0,0,0,0,0,0,0,0,0,0,0,0,0,0,0,0,0,0,0,0,0,0,0,0,0,0,0]},0,{spiral,63498510824,[0,0,0,0,0,0,0,0,0,0,0,0,0,0,0,0,0,0,0,0,0,0,0,0,0,0,0,0,0,0,0,0,0,0,0,0,0,0,0,0,0,0,0,0,0,0,0,0,0,0,0,0,0,0,0,0,0,0,0,0]},0,1,0,{slide,undefined,60,60,"./data/slide-data/14890/1331.252024.397479",undefined,undefined},{slide,undefined,60,60,"./data/slide-data/14890/1331.252024.398015",undefined,undefined},{slide,63498511224,60,60,"./data/slide-data/14890/1331.252024.398321",{file_descriptor,prim_file,{#Port<0.5727>,26}},63498511224},{slide,undefined,60,60,"./data/slide-data/14890/1331.252024.398620",undefined,undefined},{spiral,63498510824,[0,0,0,0,0,0,0,0,0,0,0,0,0,0,0,0,0,0,0,0,0,0,0,0,0,0,0,0,0,0,0,0,0,0,0,0,0,0,0,0,0,0,0,0,0,0,0,0,0,0,0,0,0,0,0,0,0,0,0,0]},0,0,{spiral,63498510824,[0,0,0,0,0,0,0,0,0,0,0,0,0,0,0,0,0,0,0,0,0,0,0,0,0,0,0,0,0,0,0,0,0,0,0,0,0,0,0,0,0,0,0,0,0,0,0,0,0,0,0,0,0,0,0,0,0,0,0,0]},0,undefined,0,0,undefined,undefined,0,0,true}
** Reason for termination == 
** {badarg,[{erlang,port_command,[#Port<0.5741>,[40,"rm -rf ./data/slide-data/14890",10,41,32,60,47,100,101,118,47,110,117,108,108,59,32,101,99,104,111,32,32,34,4,34,10]]},{os,'-unix_cmd/1-fun-0-',2}]}
2012-03-09 11:23:43 =CRASH REPORT====
  crasher:
    initial call: gen:init_it/7
    pid: <0.256.0>
    registered_name: riak_kv_stat
    exception exit: {badarg,[{erlang,port_command,[#Port<0.5741>,[40,"rm -rf ./data/slide-data/14890",10,41,32,60,47,100,101,118,47,110,117,108,108,59,32,101,99,104,111,32,32,34,4,34,10]]},{os,'-unix_cmd/1-fun-0-',2}]}
      in function  gen_server2:terminate/6
      in call from proc_lib:init_p_do_apply/3
    ancestors: [riak_kv_sup,<0.249.0>]
    messages: []
    links: [#Port<0.5727>]
    dictionary: []
    trap_exit: true
    status: running
    heap_size: 4181
    stack_size: 24
    reductions: 9366
  neighbours:
2012-03-09 11:23:43 =SUPERVISOR REPORT====
     Supervisor: {local,riak_kv_sup}
     Context:    shutdown_error
     Reason:     {badarg,[{erlang,port_command,[#Port<0.5741>,[40,"rm -rf ./data/slide-data/14890",10,41,32,60,47,100,101,118,47,110,117,108,108,59,32,101,99,104,111,32,32,34,4,34,10]]},{os,'-unix_cmd/1-fun-0-',2}]}
     Offender:   [{pid,<0.256.0>},{name,riak_kv_stat},{mfargs,{riak_kv_stat,start_link,[]}},{restart_type,permanent},{shutdown,5000},{child_type,worker}]

